This is pdfTeX, Version 3.14159265-2.6-1.40.19 (TeX Live 2018) (preloaded format=pdflatex 2019.3.14)  27 NOV 2020 04:01
entering extended mode
 restricted \write18 enabled.
 %&-line parsing enabled.
**NPS_Blatt4_CeylanWangZeng.tex
(./NPS_Blatt4_CeylanWangZeng.tex
LaTeX2e <2018-04-01> patch level 2
Babel <3.18> and hyphenation patterns for 84 language(s) loaded.
(/usr/local/texlive/2018/texmf-dist/tex/latex/base/article.cls
Document Class: article 2014/09/29 v1.4h Standard LaTeX document class
(/usr/local/texlive/2018/texmf-dist/tex/latex/base/size10.clo
File: size10.clo 2014/09/29 v1.4h Standard LaTeX file (size option)
)
\c@part=\count80
\c@section=\count81
\c@subsection=\count82
\c@subsubsection=\count83
\c@paragraph=\count84
\c@subparagraph=\count85
\c@figure=\count86
\c@table=\count87
\abovecaptionskip=\skip41
\belowcaptionskip=\skip42
\bibindent=\dimen102
)
(/usr/local/texlive/2018/texmf-dist/tex/latex/base/inputenc.sty
Package: inputenc 2018/04/06 v1.3b Input encoding file
\inpenc@prehook=\toks14
\inpenc@posthook=\toks15
)
(/usr/local/texlive/2018/texmf-dist/tex/generic/babel/babel.sty
Package: babel 2018/02/14 3.18 The Babel package

(/usr/local/texlive/2018/texmf-dist/tex/generic/babel/switch.def
File: switch.def 2018/02/14 3.18 Babel switching mechanism
)
(/usr/local/texlive/2018/texmf-dist/tex/generic/babel-german/ngerman.ldf
Language: ngerman 2018/03/29 v2.10 German support for babel (post-1996 orthogra
phy)

(/usr/local/texlive/2018/texmf-dist/tex/generic/babel-german/ngermanb.ldf
Language: ngermanb 2018/03/29 v2.10 German support for babel (post-1996 orthogr
aphy)

(/usr/local/texlive/2018/texmf-dist/tex/generic/babel/babel.def
File: babel.def 2018/02/14 3.18 Babel common definitions
\babel@savecnt=\count88
\U@D=\dimen103

(/usr/local/texlive/2018/texmf-dist/tex/generic/babel/txtbabel.def)
\bbl@dirlevel=\count89
)
Package babel Info: Making " an active character on input line 121.
)))
(/usr/local/texlive/2018/texmf-dist/tex/latex/base/fontenc.sty
Package: fontenc 2017/04/05 v2.0i Standard LaTeX package

(/usr/local/texlive/2018/texmf-dist/tex/latex/base/t1enc.def
File: t1enc.def 2017/04/05 v2.0i Standard LaTeX file
LaTeX Font Info:    Redeclaring font encoding T1 on input line 48.
))
(/usr/local/texlive/2018/texmf-dist/tex/latex/amsmath/amsmath.sty
Package: amsmath 2017/09/02 v2.17a AMS math features
\@mathmargin=\skip43

For additional information on amsmath, use the `?' option.
(/usr/local/texlive/2018/texmf-dist/tex/latex/amsmath/amstext.sty
Package: amstext 2000/06/29 v2.01 AMS text

(/usr/local/texlive/2018/texmf-dist/tex/latex/amsmath/amsgen.sty
File: amsgen.sty 1999/11/30 v2.0 generic functions
\@emptytoks=\toks16
\ex@=\dimen104
))
(/usr/local/texlive/2018/texmf-dist/tex/latex/amsmath/amsbsy.sty
Package: amsbsy 1999/11/29 v1.2d Bold Symbols
\pmbraise@=\dimen105
)
(/usr/local/texlive/2018/texmf-dist/tex/latex/amsmath/amsopn.sty
Package: amsopn 2016/03/08 v2.02 operator names
)
\inf@bad=\count90
LaTeX Info: Redefining \frac on input line 213.
\uproot@=\count91
\leftroot@=\count92
LaTeX Info: Redefining \overline on input line 375.
\classnum@=\count93
\DOTSCASE@=\count94
LaTeX Info: Redefining \ldots on input line 472.
LaTeX Info: Redefining \dots on input line 475.
LaTeX Info: Redefining \cdots on input line 596.
\Mathstrutbox@=\box26
\strutbox@=\box27
\big@size=\dimen106
LaTeX Font Info:    Redeclaring font encoding OML on input line 712.
LaTeX Font Info:    Redeclaring font encoding OMS on input line 713.
\macc@depth=\count95
\c@MaxMatrixCols=\count96
\dotsspace@=\muskip10
\c@parentequation=\count97
\dspbrk@lvl=\count98
\tag@help=\toks17
\row@=\count99
\column@=\count100
\maxfields@=\count101
\andhelp@=\toks18
\eqnshift@=\dimen107
\alignsep@=\dimen108
\tagshift@=\dimen109
\tagwidth@=\dimen110
\totwidth@=\dimen111
\lineht@=\dimen112
\@envbody=\toks19
\multlinegap=\skip44
\multlinetaggap=\skip45
\mathdisplay@stack=\toks20
LaTeX Info: Redefining \[ on input line 2817.
LaTeX Info: Redefining \] on input line 2818.
)
(/usr/local/texlive/2018/texmf-dist/tex/latex/amsfonts/amssymb.sty
Package: amssymb 2013/01/14 v3.01 AMS font symbols

(/usr/local/texlive/2018/texmf-dist/tex/latex/amsfonts/amsfonts.sty
Package: amsfonts 2013/01/14 v3.01 Basic AMSFonts support
\symAMSa=\mathgroup4
\symAMSb=\mathgroup5
LaTeX Font Info:    Overwriting math alphabet `\mathfrak' in version `bold'
(Font)                  U/euf/m/n --> U/euf/b/n on input line 106.
))
(/usr/local/texlive/2018/texmf-dist/tex/latex/amscls/amsthm.sty
Package: amsthm 2017/10/31 v2.20.4
\thm@style=\toks21
\thm@bodyfont=\toks22
\thm@headfont=\toks23
\thm@notefont=\toks24
\thm@headpunct=\toks25
\thm@preskip=\skip46
\thm@postskip=\skip47
\thm@headsep=\skip48
\dth@everypar=\toks26
)
(/usr/local/texlive/2018/texmf-dist/tex/latex/bbm-macros/bbm.sty
Package: bbm 1999/03/15 V 1.2 provides fonts for set symbols - TH
LaTeX Font Info:    Overwriting math alphabet `\mathbbm' in version `bold'
(Font)                  U/bbm/m/n --> U/bbm/bx/n on input line 33.
LaTeX Font Info:    Overwriting math alphabet `\mathbbmss' in version `bold'
(Font)                  U/bbmss/m/n --> U/bbmss/bx/n on input line 35.
)
(/usr/local/texlive/2018/texmf-dist/tex/latex/geometry/geometry.sty
Package: geometry 2018/03/24 v5.7 Page Geometry

(/usr/local/texlive/2018/texmf-dist/tex/latex/graphics/keyval.sty
Package: keyval 2014/10/28 v1.15 key=value parser (DPC)
\KV@toks@=\toks27
)
(/usr/local/texlive/2018/texmf-dist/tex/generic/oberdiek/ifpdf.sty
Package: ifpdf 2017/03/15 v3.2 Provides the ifpdf switch
)
(/usr/local/texlive/2018/texmf-dist/tex/generic/oberdiek/ifvtex.sty
Package: ifvtex 2016/05/16 v1.6 Detect VTeX and its facilities (HO)
Package ifvtex Info: VTeX not detected.
)
(/usr/local/texlive/2018/texmf-dist/tex/generic/ifxetex/ifxetex.sty
Package: ifxetex 2010/09/12 v0.6 Provides ifxetex conditional
)
\Gm@cnth=\count102
\Gm@cntv=\count103
\c@Gm@tempcnt=\count104
\Gm@bindingoffset=\dimen113
\Gm@wd@mp=\dimen114
\Gm@odd@mp=\dimen115
\Gm@even@mp=\dimen116
\Gm@layoutwidth=\dimen117
\Gm@layoutheight=\dimen118
\Gm@layouthoffset=\dimen119
\Gm@layoutvoffset=\dimen120
\Gm@dimlist=\toks28
)
(/usr/local/texlive/2018/texmf-dist/tex/latex/setspace/setspace.sty
Package: setspace 2011/12/19 v6.7a set line spacing
)
(/usr/local/texlive/2018/texmf-dist/tex/latex/tools/multicol.sty
Package: multicol 2018/04/01 v1.8r multicolumn formatting (FMi)
\c@tracingmulticols=\count105
\mult@box=\box28
\multicol@leftmargin=\dimen121
\c@unbalance=\count106
\c@collectmore=\count107
\doublecol@number=\count108
\multicoltolerance=\count109
\multicolpretolerance=\count110
\full@width=\dimen122
\page@free=\dimen123
\premulticols=\dimen124
\postmulticols=\dimen125
\multicolsep=\skip49
\multicolbaselineskip=\skip50
\partial@page=\box29
\last@line=\box30
\maxbalancingoverflow=\dimen126
\mult@rightbox=\box31
\mult@grightbox=\box32
\mult@gfirstbox=\box33
\mult@firstbox=\box34
\@tempa=\box35
\@tempa=\box36
\@tempa=\box37
\@tempa=\box38
\@tempa=\box39
\@tempa=\box40
\@tempa=\box41
\@tempa=\box42
\@tempa=\box43
\@tempa=\box44
\@tempa=\box45
\@tempa=\box46
\@tempa=\box47
\@tempa=\box48
\@tempa=\box49
\@tempa=\box50
\@tempa=\box51
\c@columnbadness=\count111
\c@finalcolumnbadness=\count112
\last@try=\dimen127
\multicolovershoot=\dimen128
\multicolundershoot=\dimen129
\mult@nat@firstbox=\box52
\colbreak@box=\box53
\mc@col@check@num=\count113
)
(/usr/local/texlive/2018/texmf-dist/tex/latex/graphics/graphicx.sty
Package: graphicx 2017/06/01 v1.1a Enhanced LaTeX Graphics (DPC,SPQR)

(/usr/local/texlive/2018/texmf-dist/tex/latex/graphics/graphics.sty
Package: graphics 2017/06/25 v1.2c Standard LaTeX Graphics (DPC,SPQR)

(/usr/local/texlive/2018/texmf-dist/tex/latex/graphics/trig.sty
Package: trig 2016/01/03 v1.10 sin cos tan (DPC)
)
(/usr/local/texlive/2018/texmf-dist/tex/latex/graphics-cfg/graphics.cfg
File: graphics.cfg 2016/06/04 v1.11 sample graphics configuration
)
Package graphics Info: Driver file: pdftex.def on input line 99.

(/usr/local/texlive/2018/texmf-dist/tex/latex/graphics-def/pdftex.def
File: pdftex.def 2018/01/08 v1.0l Graphics/color driver for pdftex
))
\Gin@req@height=\dimen130
\Gin@req@width=\dimen131
)
(/usr/local/texlive/2018/texmf-dist/tex/latex/oberdiek/epstopdf.sty
Package: epstopdf 2016/05/15 v2.6 Conversion with epstopdf on the fly (HO)

(/usr/local/texlive/2018/texmf-dist/tex/latex/oberdiek/epstopdf-base.sty
Package: epstopdf-base 2016/05/15 v2.6 Base part for package epstopdf

(/usr/local/texlive/2018/texmf-dist/tex/generic/oberdiek/infwarerr.sty
Package: infwarerr 2016/05/16 v1.4 Providing info/warning/error messages (HO)
)
(/usr/local/texlive/2018/texmf-dist/tex/latex/oberdiek/grfext.sty
Package: grfext 2016/05/16 v1.2 Manage graphics extensions (HO)

(/usr/local/texlive/2018/texmf-dist/tex/generic/oberdiek/kvdefinekeys.sty
Package: kvdefinekeys 2016/05/16 v1.4 Define keys (HO)

(/usr/local/texlive/2018/texmf-dist/tex/generic/oberdiek/ltxcmds.sty
Package: ltxcmds 2016/05/16 v1.23 LaTeX kernel commands for general use (HO)
)))
(/usr/local/texlive/2018/texmf-dist/tex/latex/oberdiek/kvoptions.sty
Package: kvoptions 2016/05/16 v3.12 Key value format for package options (HO)

(/usr/local/texlive/2018/texmf-dist/tex/generic/oberdiek/kvsetkeys.sty
Package: kvsetkeys 2016/05/16 v1.17 Key value parser (HO)

(/usr/local/texlive/2018/texmf-dist/tex/generic/oberdiek/etexcmds.sty
Package: etexcmds 2016/05/16 v1.6 Avoid name clashes with e-TeX commands (HO)

(/usr/local/texlive/2018/texmf-dist/tex/generic/oberdiek/ifluatex.sty
Package: ifluatex 2016/05/16 v1.4 Provides the ifluatex switch (HO)
Package ifluatex Info: LuaTeX not detected.
)
Package etexcmds Info: Could not find \expanded.
(etexcmds)             That can mean that you are not using pdfTeX 1.50 or
(etexcmds)             that some package has redefined \expanded.
(etexcmds)             In the latter case, load this package earlier.
)))
(/usr/local/texlive/2018/texmf-dist/tex/generic/oberdiek/pdftexcmds.sty
Package: pdftexcmds 2018/01/30 v0.27 Utility functions of pdfTeX for LuaTeX (HO
)
Package pdftexcmds Info: LuaTeX not detected.
Package pdftexcmds Info: \pdf@primitive is available.
Package pdftexcmds Info: \pdf@ifprimitive is available.
Package pdftexcmds Info: \pdfdraftmode found.
)
Package epstopdf-base Info: Redefining graphics rule for `.eps' on input line 4
38.
Package grfext Info: Graphics extension search list:
(grfext)             [.pdf,.png,.jpg,.mps,.jpeg,.jbig2,.jb2,.PDF,.PNG,.JPG,.JPE
G,.JBIG2,.JB2,.eps]
(grfext)             \AppendGraphicsExtensions on input line 456.

(/usr/local/texlive/2018/texmf-dist/tex/latex/latexconfig/epstopdf-sys.cfg
File: epstopdf-sys.cfg 2010/07/13 v1.3 Configuration of (r)epstopdf for TeX Liv
e
)))
(./NPS_Blatt4_CeylanWangZeng.aux)
\openout1 = `NPS_Blatt4_CeylanWangZeng.aux'.

LaTeX Font Info:    Checking defaults for OML/cmm/m/it on input line 28.
LaTeX Font Info:    ... okay on input line 28.
LaTeX Font Info:    Checking defaults for T1/cmr/m/n on input line 28.
LaTeX Font Info:    ... okay on input line 28.
LaTeX Font Info:    Checking defaults for OT1/cmr/m/n on input line 28.
LaTeX Font Info:    ... okay on input line 28.
LaTeX Font Info:    Checking defaults for OMS/cmsy/m/n on input line 28.
LaTeX Font Info:    ... okay on input line 28.
LaTeX Font Info:    Checking defaults for OMX/cmex/m/n on input line 28.
LaTeX Font Info:    ... okay on input line 28.
LaTeX Font Info:    Checking defaults for U/cmr/m/n on input line 28.
LaTeX Font Info:    ... okay on input line 28.

*geometry* driver: auto-detecting
*geometry* detected driver: pdftex
*geometry* verbose mode - [ preamble ] result:
* driver: pdftex
* paper: a4paper
* layout: <same size as paper>
* layoutoffset:(h,v)=(0.0pt,0.0pt)
* modes: 
* h-part:(L,W,R)=(85.35826pt, 426.79135pt, 85.35826pt)
* v-part:(T,H,B)=(71.13188pt, 702.78308pt, 71.13188pt)
* \paperwidth=597.50787pt
* \paperheight=845.04684pt
* \textwidth=426.79135pt
* \textheight=702.78308pt
* \oddsidemargin=13.08827pt
* \evensidemargin=13.08827pt
* \topmargin=-38.1381pt
* \headheight=12.0pt
* \headsep=25.0pt
* \topskip=10.0pt
* \footskip=30.0pt
* \marginparwidth=65.0pt
* \marginparsep=11.0pt
* \columnsep=10.0pt
* \skip\footins=9.0pt plus 4.0pt minus 2.0pt
* \hoffset=0.0pt
* \voffset=0.0pt
* \mag=1000
* \@twocolumnfalse
* \@twosidefalse
* \@mparswitchfalse
* \@reversemarginfalse
* (1in=72.27pt=25.4mm, 1cm=28.453pt)

(/usr/local/texlive/2018/texmf-dist/tex/context/base/mkii/supp-pdf.mkii
[Loading MPS to PDF converter (version 2006.09.02).]
\scratchcounter=\count114
\scratchdimen=\dimen132
\scratchbox=\box54
\nofMPsegments=\count115
\nofMParguments=\count116
\everyMPshowfont=\toks29
\MPscratchCnt=\count117
\MPscratchDim=\dimen133
\MPnumerator=\count118
\makeMPintoPDFobject=\count119
\everyMPtoPDFconversion=\toks30
)
LaTeX Font Info:    Try loading font information for U+msa on input line 29.
 (/usr/local/texlive/2018/texmf-dist/tex/latex/amsfonts/umsa.fd
File: umsa.fd 2013/01/14 v3.01 AMS symbols A
)
LaTeX Font Info:    Try loading font information for U+msb on input line 29.

(/usr/local/texlive/2018/texmf-dist/tex/latex/amsfonts/umsb.fd
File: umsb.fd 2013/01/14 v3.01 AMS symbols B
)
Underfull \hbox (badness 10000) in paragraph at lines 32--43

 []

[1

{/usr/local/texlive/2018/texmf-var/fonts/map/pdftex/updmap/pdftex.map}]
Package epstopdf Info: Source file: <Figures_for_A2.2_i//1.eps>
(epstopdf)                    date: 2020-11-27 03:26:59
(epstopdf)                    size: 130210 bytes
(epstopdf)             Output file: <Figures_for_A2.2_i//1-eps-converted-to.pdf
>
(epstopdf)                    date: 2020-11-27 03:44:11
(epstopdf)                    size: 15428 bytes
(epstopdf)             Command: <repstopdf --outfile=Figures_for_A2.2_i//1-eps-
converted-to.pdf Figures_for_A2.2_i//1.eps>
(epstopdf)             \includegraphics on input line 49.
Package epstopdf Info: Output file is already uptodate.
<Figures_for_A2.2_i//1-eps-converted-to.pdf, id=21, 650.43pt x 530.98375pt>
File: Figures_for_A2.2_i//1-eps-converted-to.pdf Graphic file (type pdf)
<use Figures_for_A2.2_i//1-eps-converted-to.pdf>
Package pdftex.def Info: Figures_for_A2.2_i//1-eps-converted-to.pdf  used on in
put line 49.
(pdftex.def)             Requested size: 278.82591pt x 227.62204pt.
Package epstopdf Info: Source file: <Figures_for_A2.2_i//2.eps>
(epstopdf)                    date: 2020-11-27 03:26:59
(epstopdf)                    size: 135054 bytes
(epstopdf)             Output file: <Figures_for_A2.2_i//2-eps-converted-to.pdf
>
(epstopdf)                    date: 2020-11-27 03:44:12
(epstopdf)                    size: 14892 bytes
(epstopdf)             Command: <repstopdf --outfile=Figures_for_A2.2_i//2-eps-
converted-to.pdf Figures_for_A2.2_i//2.eps>
(epstopdf)             \includegraphics on input line 50.
Package epstopdf Info: Output file is already uptodate.
<Figures_for_A2.2_i//2-eps-converted-to.pdf, id=22, 650.43pt x 530.98375pt>
File: Figures_for_A2.2_i//2-eps-converted-to.pdf Graphic file (type pdf)
<use Figures_for_A2.2_i//2-eps-converted-to.pdf>
Package pdftex.def Info: Figures_for_A2.2_i//2-eps-converted-to.pdf  used on in
put line 50.
(pdftex.def)             Requested size: 278.82591pt x 227.62204pt.
Package epstopdf Info: Source file: <Figures_for_A2.2_i//3.eps>
(epstopdf)                    date: 2020-11-27 03:26:59
(epstopdf)                    size: 174163 bytes
(epstopdf)             Output file: <Figures_for_A2.2_i//3-eps-converted-to.pdf
>
(epstopdf)                    date: 2020-11-27 03:44:25
(epstopdf)                    size: 18763 bytes
(epstopdf)             Command: <repstopdf --outfile=Figures_for_A2.2_i//3-eps-
converted-to.pdf Figures_for_A2.2_i//3.eps>
(epstopdf)             \includegraphics on input line 51.
Package epstopdf Info: Output file is already uptodate.
<Figures_for_A2.2_i//3-eps-converted-to.pdf, id=23, 650.43pt x 530.98375pt>
File: Figures_for_A2.2_i//3-eps-converted-to.pdf Graphic file (type pdf)
<use Figures_for_A2.2_i//3-eps-converted-to.pdf>
Package pdftex.def Info: Figures_for_A2.2_i//3-eps-converted-to.pdf  used on in
put line 51.
(pdftex.def)             Requested size: 278.82591pt x 227.62204pt.
Package epstopdf Info: Source file: <Figures_for_A2.2_i//4.eps>
(epstopdf)                    date: 2020-11-27 03:26:59
(epstopdf)                    size: 208324 bytes
(epstopdf)             Output file: <Figures_for_A2.2_i//4-eps-converted-to.pdf
>
(epstopdf)                    date: 2020-11-27 03:44:25
(epstopdf)                    size: 22259 bytes
(epstopdf)             Command: <repstopdf --outfile=Figures_for_A2.2_i//4-eps-
converted-to.pdf Figures_for_A2.2_i//4.eps>
(epstopdf)             \includegraphics on input line 52.
Package epstopdf Info: Output file is already uptodate.
<Figures_for_A2.2_i//4-eps-converted-to.pdf, id=24, 650.43pt x 530.98375pt>
File: Figures_for_A2.2_i//4-eps-converted-to.pdf Graphic file (type pdf)
<use Figures_for_A2.2_i//4-eps-converted-to.pdf>
Package pdftex.def Info: Figures_for_A2.2_i//4-eps-converted-to.pdf  used on in
put line 52.
(pdftex.def)             Requested size: 278.82591pt x 227.62204pt.
Package epstopdf Info: Source file: <Figures_for_A2.2_i//5.eps>
(epstopdf)                    date: 2020-11-27 03:26:59
(epstopdf)                    size: 296654 bytes
(epstopdf)             Output file: <Figures_for_A2.2_i//5-eps-converted-to.pdf
>
(epstopdf)                    date: 2020-11-27 03:55:20
(epstopdf)                    size: 30787 bytes
(epstopdf)             Command: <repstopdf --outfile=Figures_for_A2.2_i//5-eps-
converted-to.pdf Figures_for_A2.2_i//5.eps>
(epstopdf)             \includegraphics on input line 53.
Package epstopdf Info: Output file is already uptodate.
<Figures_for_A2.2_i//5-eps-converted-to.pdf, id=25, 650.43pt x 530.98375pt>
File: Figures_for_A2.2_i//5-eps-converted-to.pdf Graphic file (type pdf)
<use Figures_for_A2.2_i//5-eps-converted-to.pdf>
Package pdftex.def Info: Figures_for_A2.2_i//5-eps-converted-to.pdf  used on in
put line 53.
(pdftex.def)             Requested size: 278.82591pt x 227.62204pt.
Package epstopdf Info: Source file: <Figures_for_A2.2_i//6.eps>
(epstopdf)                    date: 2020-11-27 03:26:59
(epstopdf)                    size: 372257 bytes
(epstopdf)             Output file: <Figures_for_A2.2_i//6-eps-converted-to.pdf
>
(epstopdf)                    date: 2020-11-27 03:55:21
(epstopdf)                    size: 37962 bytes
(epstopdf)             Command: <repstopdf --outfile=Figures_for_A2.2_i//6-eps-
converted-to.pdf Figures_for_A2.2_i//6.eps>
(epstopdf)             \includegraphics on input line 54.
Package epstopdf Info: Output file is already uptodate.
<Figures_for_A2.2_i//6-eps-converted-to.pdf, id=26, 650.43pt x 530.98375pt>
File: Figures_for_A2.2_i//6-eps-converted-to.pdf Graphic file (type pdf)
<use Figures_for_A2.2_i//6-eps-converted-to.pdf>
Package pdftex.def Info: Figures_for_A2.2_i//6-eps-converted-to.pdf  used on in
put line 54.
(pdftex.def)             Requested size: 278.82591pt x 227.62204pt.
Package epstopdf Info: Source file: <Figures_for_A2.2_i//7.eps>
(epstopdf)                    date: 2020-11-27 03:26:59
(epstopdf)                    size: 513347 bytes
(epstopdf)             Output file: <Figures_for_A2.2_i//7-eps-converted-to.pdf
>
(epstopdf)                    date: 2020-11-27 03:55:21
(epstopdf)                    size: 49712 bytes
(epstopdf)             Command: <repstopdf --outfile=Figures_for_A2.2_i//7-eps-
converted-to.pdf Figures_for_A2.2_i//7.eps>
(epstopdf)             \includegraphics on input line 55.
Package epstopdf Info: Output file is already uptodate.
<Figures_for_A2.2_i//7-eps-converted-to.pdf, id=27, 650.43pt x 530.98375pt>
File: Figures_for_A2.2_i//7-eps-converted-to.pdf Graphic file (type pdf)
<use Figures_for_A2.2_i//7-eps-converted-to.pdf>
Package pdftex.def Info: Figures_for_A2.2_i//7-eps-converted-to.pdf  used on in
put line 55.
(pdftex.def)             Requested size: 278.82591pt x 227.62204pt.
Package epstopdf Info: Source file: <Figures_for_A2.2_i//8.eps>
(epstopdf)                    date: 2020-11-27 03:26:59
(epstopdf)                    size: 818238 bytes
(epstopdf)             Output file: <Figures_for_A2.2_i//8-eps-converted-to.pdf
>
(epstopdf)                    date: 2020-11-27 03:55:22
(epstopdf)                    size: 75514 bytes
(epstopdf)             Command: <repstopdf --outfile=Figures_for_A2.2_i//8-eps-
converted-to.pdf Figures_for_A2.2_i//8.eps>
(epstopdf)             \includegraphics on input line 56.
Package epstopdf Info: Output file is already uptodate.
<Figures_for_A2.2_i//8-eps-converted-to.pdf, id=28, 650.43pt x 530.98375pt>
File: Figures_for_A2.2_i//8-eps-converted-to.pdf Graphic file (type pdf)
<use Figures_for_A2.2_i//8-eps-converted-to.pdf>
Package pdftex.def Info: Figures_for_A2.2_i//8-eps-converted-to.pdf  used on in
put line 56.
(pdftex.def)             Requested size: 278.82591pt x 227.62204pt.
Package epstopdf Info: Source file: <Figures_for_A2.2_i//9.eps>
(epstopdf)                    date: 2020-11-27 03:26:59
(epstopdf)                    size: 1624780 bytes
(epstopdf)             Output file: <Figures_for_A2.2_i//9-eps-converted-to.pdf
>
(epstopdf)                    date: 2020-11-27 03:55:23
(epstopdf)                    size: 149499 bytes
(epstopdf)             Command: <repstopdf --outfile=Figures_for_A2.2_i//9-eps-
converted-to.pdf Figures_for_A2.2_i//9.eps>
(epstopdf)             \includegraphics on input line 57.
Package epstopdf Info: Output file is already uptodate.
<Figures_for_A2.2_i//9-eps-converted-to.pdf, id=29, 650.43pt x 530.98375pt>
File: Figures_for_A2.2_i//9-eps-converted-to.pdf Graphic file (type pdf)
<use Figures_for_A2.2_i//9-eps-converted-to.pdf>
Package pdftex.def Info: Figures_for_A2.2_i//9-eps-converted-to.pdf  used on in
put line 57.
(pdftex.def)             Requested size: 278.82591pt x 227.62204pt.
Package epstopdf Info: Source file: <Figures_for_A2.2_i//10.eps>
(epstopdf)                    date: 2020-11-27 03:26:59
(epstopdf)                    size: 1907211 bytes
(epstopdf)             Output file: <Figures_for_A2.2_i//10-eps-converted-to.pd
f>
(epstopdf)                    date: 2020-11-27 03:55:23
(epstopdf)                    size: 172857 bytes
(epstopdf)             Command: <repstopdf --outfile=Figures_for_A2.2_i//10-eps
-converted-to.pdf Figures_for_A2.2_i//10.eps>
(epstopdf)             \includegraphics on input line 58.
Package epstopdf Info: Output file is already uptodate.
<Figures_for_A2.2_i//10-eps-converted-to.pdf, id=30, 650.43pt x 530.98375pt>
File: Figures_for_A2.2_i//10-eps-converted-to.pdf Graphic file (type pdf)
<use Figures_for_A2.2_i//10-eps-converted-to.pdf>
Package pdftex.def Info: Figures_for_A2.2_i//10-eps-converted-to.pdf  used on i
nput line 58.
(pdftex.def)             Requested size: 278.82591pt x 227.62204pt.

Overfull \hbox (49.94559pt too wide) in paragraph at lines 48--59
| [] |  [] 
 []


Overfull \hbox (49.94559pt too wide) in paragraph at lines 48--59
| [] |  [] 
 []


Overfull \hbox (49.94559pt too wide) in paragraph at lines 48--59
| [] |  [] 
 []


Overfull \hbox (49.94559pt too wide) in paragraph at lines 48--59
| [] |  [] 
 []


Overfull \hbox (49.94559pt too wide) in paragraph at lines 48--59
| [] |  [] 
 []


Underfull \hbox (badness 10000) in paragraph at lines 48--59

 []

[2 <./Figures_for_A2.2_i//1-eps-converted-to.pdf> <./Figures_for_A2.2_i//2-eps-
converted-to.pdf> <./Figures_for_A2.2_i//3-eps-converted-to.pdf> <./Figures_for
_A2.2_i//4-eps-converted-to.pdf> <./Figures_for_A2.2_i//5-eps-converted-to.pdf>
 <./Figures_for_A2.2_i//6-eps-converted-to.pdf>] [3 <./Figures_for_A2.2_i//7-ep
s-converted-to.pdf> <./Figures_for_A2.2_i//8-eps-converted-to.pdf> <./Figures_f
or_A2.2_i//9-eps-converted-to.pdf> <./Figures_for_A2.2_i//10-eps-converted-to.p
df>]
Package epstopdf Info: Source file: <Figures_for_A2.2_ii//1.eps>
(epstopdf)                    date: 2020-11-27 03:26:59
(epstopdf)                    size: 125262 bytes
(epstopdf)             Output file: <Figures_for_A2.2_ii//1-eps-converted-to.pd
f>
(epstopdf)                    date: 2020-11-27 03:56:49
(epstopdf)                    size: 13823 bytes
(epstopdf)             Command: <repstopdf --outfile=Figures_for_A2.2_ii//1-eps
-converted-to.pdf Figures_for_A2.2_ii//1.eps>
(epstopdf)             \includegraphics on input line 62.
Package epstopdf Info: Output file is already uptodate.
<Figures_for_A2.2_ii//1-eps-converted-to.pdf, id=349, 650.43pt x 530.98375pt>
File: Figures_for_A2.2_ii//1-eps-converted-to.pdf Graphic file (type pdf)
<use Figures_for_A2.2_ii//1-eps-converted-to.pdf>
Package pdftex.def Info: Figures_for_A2.2_ii//1-eps-converted-to.pdf  used on i
nput line 62.
(pdftex.def)             Requested size: 278.82591pt x 227.62204pt.
Package epstopdf Info: Source file: <Figures_for_A2.2_ii//2.eps>
(epstopdf)                    date: 2020-11-27 03:26:59
(epstopdf)                    size: 132500 bytes
(epstopdf)             Output file: <Figures_for_A2.2_ii//2-eps-converted-to.pd
f>
(epstopdf)                    date: 2020-11-27 03:56:49
(epstopdf)                    size: 14749 bytes
(epstopdf)             Command: <repstopdf --outfile=Figures_for_A2.2_ii//2-eps
-converted-to.pdf Figures_for_A2.2_ii//2.eps>
(epstopdf)             \includegraphics on input line 63.
Package epstopdf Info: Output file is already uptodate.
<Figures_for_A2.2_ii//2-eps-converted-to.pdf, id=350, 650.43pt x 530.98375pt>
File: Figures_for_A2.2_ii//2-eps-converted-to.pdf Graphic file (type pdf)
<use Figures_for_A2.2_ii//2-eps-converted-to.pdf>
Package pdftex.def Info: Figures_for_A2.2_ii//2-eps-converted-to.pdf  used on i
nput line 63.
(pdftex.def)             Requested size: 278.82591pt x 227.62204pt.
Package epstopdf Info: Source file: <Figures_for_A2.2_ii//3.eps>
(epstopdf)                    date: 2020-11-27 03:26:59
(epstopdf)                    size: 165075 bytes
(epstopdf)             Output file: <Figures_for_A2.2_ii//3-eps-converted-to.pd
f>
(epstopdf)                    date: 2020-11-27 03:56:50
(epstopdf)                    size: 18256 bytes
(epstopdf)             Command: <repstopdf --outfile=Figures_for_A2.2_ii//3-eps
-converted-to.pdf Figures_for_A2.2_ii//3.eps>
(epstopdf)             \includegraphics on input line 64.
Package epstopdf Info: Output file is already uptodate.
<Figures_for_A2.2_ii//3-eps-converted-to.pdf, id=351, 650.43pt x 530.98375pt>
File: Figures_for_A2.2_ii//3-eps-converted-to.pdf Graphic file (type pdf)
<use Figures_for_A2.2_ii//3-eps-converted-to.pdf>
Package pdftex.def Info: Figures_for_A2.2_ii//3-eps-converted-to.pdf  used on i
nput line 64.
(pdftex.def)             Requested size: 278.82591pt x 227.62204pt.
Package epstopdf Info: Source file: <Figures_for_A2.2_ii//4.eps>
(epstopdf)                    date: 2020-11-27 03:26:59
(epstopdf)                    size: 197016 bytes
(epstopdf)             Output file: <Figures_for_A2.2_ii//4-eps-converted-to.pd
f>
(epstopdf)                    date: 2020-11-27 03:56:50
(epstopdf)                    size: 21534 bytes
(epstopdf)             Command: <repstopdf --outfile=Figures_for_A2.2_ii//4-eps
-converted-to.pdf Figures_for_A2.2_ii//4.eps>
(epstopdf)             \includegraphics on input line 65.
Package epstopdf Info: Output file is already uptodate.
<Figures_for_A2.2_ii//4-eps-converted-to.pdf, id=352, 650.43pt x 530.98375pt>
File: Figures_for_A2.2_ii//4-eps-converted-to.pdf Graphic file (type pdf)
<use Figures_for_A2.2_ii//4-eps-converted-to.pdf>
Package pdftex.def Info: Figures_for_A2.2_ii//4-eps-converted-to.pdf  used on i
nput line 65.
(pdftex.def)             Requested size: 278.82591pt x 227.62204pt.
Package epstopdf Info: Source file: <Figures_for_A2.2_ii//5.eps>
(epstopdf)                    date: 2020-11-27 03:26:59
(epstopdf)                    size: 279705 bytes
(epstopdf)             Output file: <Figures_for_A2.2_ii//5-eps-converted-to.pd
f>
(epstopdf)                    date: 2020-11-27 03:56:51
(epstopdf)                    size: 28741 bytes
(epstopdf)             Command: <repstopdf --outfile=Figures_for_A2.2_ii//5-eps
-converted-to.pdf Figures_for_A2.2_ii//5.eps>
(epstopdf)             \includegraphics on input line 66.
Package epstopdf Info: Output file is already uptodate.
<Figures_for_A2.2_ii//5-eps-converted-to.pdf, id=353, 650.43pt x 530.98375pt>
File: Figures_for_A2.2_ii//5-eps-converted-to.pdf Graphic file (type pdf)
<use Figures_for_A2.2_ii//5-eps-converted-to.pdf>
Package pdftex.def Info: Figures_for_A2.2_ii//5-eps-converted-to.pdf  used on i
nput line 66.
(pdftex.def)             Requested size: 278.82591pt x 227.62204pt.
Package epstopdf Info: Source file: <Figures_for_A2.2_ii//6.eps>
(epstopdf)                    date: 2020-11-27 03:26:59
(epstopdf)                    size: 365314 bytes
(epstopdf)             Output file: <Figures_for_A2.2_ii//6-eps-converted-to.pd
f>
(epstopdf)                    date: 2020-11-27 03:59:41
(epstopdf)                    size: 36009 bytes
(epstopdf)             Command: <repstopdf --outfile=Figures_for_A2.2_ii//6-eps
-converted-to.pdf Figures_for_A2.2_ii//6.eps>
(epstopdf)             \includegraphics on input line 67.
Package epstopdf Info: Output file is already uptodate.
<Figures_for_A2.2_ii//6-eps-converted-to.pdf, id=354, 650.43pt x 530.98375pt>
File: Figures_for_A2.2_ii//6-eps-converted-to.pdf Graphic file (type pdf)
<use Figures_for_A2.2_ii//6-eps-converted-to.pdf>
Package pdftex.def Info: Figures_for_A2.2_ii//6-eps-converted-to.pdf  used on i
nput line 67.
(pdftex.def)             Requested size: 278.82591pt x 227.62204pt.
Package epstopdf Info: Source file: <Figures_for_A2.2_ii//7.eps>
(epstopdf)                    date: 2020-11-27 03:26:59
(epstopdf)                    size: 549418 bytes
(epstopdf)             Output file: <Figures_for_A2.2_ii//7-eps-converted-to.pd
f>
(epstopdf)                    date: 2020-11-27 03:56:51
(epstopdf)                    size: 52346 bytes
(epstopdf)             Command: <repstopdf --outfile=Figures_for_A2.2_ii//7-eps
-converted-to.pdf Figures_for_A2.2_ii//7.eps>
(epstopdf)             \includegraphics on input line 68.
Package epstopdf Info: Output file is already uptodate.
<Figures_for_A2.2_ii//7-eps-converted-to.pdf, id=355, 650.43pt x 530.98375pt>
File: Figures_for_A2.2_ii//7-eps-converted-to.pdf Graphic file (type pdf)
<use Figures_for_A2.2_ii//7-eps-converted-to.pdf>
Package pdftex.def Info: Figures_for_A2.2_ii//7-eps-converted-to.pdf  used on i
nput line 68.
(pdftex.def)             Requested size: 278.82591pt x 227.62204pt.
Package epstopdf Info: Source file: <Figures_for_A2.2_ii//8.eps>
(epstopdf)                    date: 2020-11-27 03:26:59
(epstopdf)                    size: 1028177 bytes
(epstopdf)             Output file: <Figures_for_A2.2_ii//8-eps-converted-to.pd
f>
(epstopdf)                    date: 2020-11-27 03:56:52
(epstopdf)                    size: 99175 bytes
(epstopdf)             Command: <repstopdf --outfile=Figures_for_A2.2_ii//8-eps
-converted-to.pdf Figures_for_A2.2_ii//8.eps>
(epstopdf)             \includegraphics on input line 69.
Package epstopdf Info: Output file is already uptodate.
<Figures_for_A2.2_ii//8-eps-converted-to.pdf, id=356, 650.43pt x 530.98375pt>
File: Figures_for_A2.2_ii//8-eps-converted-to.pdf Graphic file (type pdf)
<use Figures_for_A2.2_ii//8-eps-converted-to.pdf>
Package pdftex.def Info: Figures_for_A2.2_ii//8-eps-converted-to.pdf  used on i
nput line 69.
(pdftex.def)             Requested size: 278.82591pt x 227.62204pt.
Package epstopdf Info: Source file: <Figures_for_A2.2_ii//9.eps>
(epstopdf)                    date: 2020-11-27 03:26:59
(epstopdf)                    size: 2195089 bytes
(epstopdf)             Output file: <Figures_for_A2.2_ii//9-eps-converted-to.pd
f>
(epstopdf)                    date: 2020-11-27 03:56:53
(epstopdf)                    size: 216353 bytes
(epstopdf)             Command: <repstopdf --outfile=Figures_for_A2.2_ii//9-eps
-converted-to.pdf Figures_for_A2.2_ii//9.eps>
(epstopdf)             \includegraphics on input line 70.
Package epstopdf Info: Output file is already uptodate.
<Figures_for_A2.2_ii//9-eps-converted-to.pdf, id=357, 650.43pt x 530.98375pt>
File: Figures_for_A2.2_ii//9-eps-converted-to.pdf Graphic file (type pdf)
<use Figures_for_A2.2_ii//9-eps-converted-to.pdf>
Package pdftex.def Info: Figures_for_A2.2_ii//9-eps-converted-to.pdf  used on i
nput line 70.
(pdftex.def)             Requested size: 278.82591pt x 227.62204pt.
Package epstopdf Info: Source file: <Figures_for_A2.2_ii//10.eps>
(epstopdf)                    date: 2020-11-27 03:26:59
(epstopdf)                    size: 2448166 bytes
(epstopdf)             Output file: <Figures_for_A2.2_ii//10-eps-converted-to.p
df>
(epstopdf)                    date: 2020-11-27 03:56:54
(epstopdf)                    size: 248291 bytes
(epstopdf)             Command: <repstopdf --outfile=Figures_for_A2.2_ii//10-ep
s-converted-to.pdf Figures_for_A2.2_ii//10.eps>
(epstopdf)             \includegraphics on input line 71.
Package epstopdf Info: Output file is already uptodate.
<Figures_for_A2.2_ii//10-eps-converted-to.pdf, id=358, 650.43pt x 530.98375pt>
File: Figures_for_A2.2_ii//10-eps-converted-to.pdf Graphic file (type pdf)
<use Figures_for_A2.2_ii//10-eps-converted-to.pdf>
Package pdftex.def Info: Figures_for_A2.2_ii//10-eps-converted-to.pdf  used on 
input line 71.
(pdftex.def)             Requested size: 278.82591pt x 227.62204pt.

Overfull \hbox (49.94559pt too wide) in paragraph at lines 61--72
| [] |  [] 
 []


Overfull \hbox (49.94559pt too wide) in paragraph at lines 61--72
| [] |  [] 
 []


Overfull \hbox (49.94559pt too wide) in paragraph at lines 61--72
| [] |  [] 
 []


Overfull \hbox (49.94559pt too wide) in paragraph at lines 61--72
| [] |  [] 
 []


Overfull \hbox (49.94559pt too wide) in paragraph at lines 61--72
| [] |  [] 
 []


Underfull \hbox (badness 10000) in paragraph at lines 61--72

 []

[4 <./Figures_for_A2.2_ii//1-eps-converted-to.pdf> <./Figures_for_A2.2_ii//2-ep
s-converted-to.pdf> <./Figures_for_A2.2_ii//3-eps-converted-to.pdf> <./Figures_
for_A2.2_ii//4-eps-converted-to.pdf> <./Figures_for_A2.2_ii//5-eps-converted-to
.pdf> <./Figures_for_A2.2_ii//6-eps-converted-to.pdf>] [5 <./Figures_for_A2.2_i
i//7-eps-converted-to.pdf> <./Figures_for_A2.2_ii//8-eps-converted-to.pdf> <./F
igures_for_A2.2_ii//9-eps-converted-to.pdf> <./Figures_for_A2.2_ii//10-eps-conv
erted-to.pdf>] (./NPS_Blatt4_CeylanWangZeng.aux) ) 
Here is how much of TeX's memory you used:
 3962 strings out of 492649
 56285 string characters out of 6129622
 133681 words of memory out of 5000000
 7743 multiletter control sequences out of 15000+600000
 16211 words of font info for 50 fonts, out of 8000000 for 9000
 1141 hyphenation exceptions out of 8191
 42i,6n,27p,517b,203s stack positions out of 5000i,500n,10000p,200000b,80000s
{/usr/local/texlive/2018/texm
f-dist/fonts/enc/dvips/cm-super/cm-super-t1.enc}</usr/local/texlive/2018/texmf-
dist/fonts/type1/public/amsfonts/cm/cmbx10.pfb></usr/local/texlive/2018/texmf-d
ist/fonts/type1/public/amsfonts/cm/cmex10.pfb></usr/local/texlive/2018/texmf-di
st/fonts/type1/public/amsfonts/cm/cmmi10.pfb></usr/local/texlive/2018/texmf-dis
t/fonts/type1/public/amsfonts/cm/cmmi7.pfb></usr/local/texlive/2018/texmf-dist/
fonts/type1/public/amsfonts/cm/cmr10.pfb></usr/local/texlive/2018/texmf-dist/fo
nts/type1/public/amsfonts/cm/cmr7.pfb></usr/local/texlive/2018/texmf-dist/fonts
/type1/public/amsfonts/cm/cmsy10.pfb></usr/local/texlive/2018/texmf-dist/fonts/
type1/public/amsfonts/cm/cmsy7.pfb></usr/local/texlive/2018/texmf-dist/fonts/ty
pe1/public/amsfonts/symbols/msbm10.pfb></usr/local/texlive/2018/texmf-dist/font
s/type1/public/cm-super/sfbx1000.pfb></usr/local/texlive/2018/texmf-dist/fonts/
type1/public/cm-super/sfbx1440.pfb></usr/local/texlive/2018/texmf-dist/fonts/ty
pe1/public/cm-super/sfrm1000.pfb></usr/local/texlive/2018/texmf-dist/fonts/type
1/public/cm-super/sfrm1200.pfb></usr/local/texlive/2018/texmf-dist/fonts/type1/
public/cm-super/sfrm1728.pfb></usr/local/texlive/2018/texmf-dist/fonts/type1/pu
blic/cm-super/sfti1000.pfb>
Output written on NPS_Blatt4_CeylanWangZeng.pdf (5 pages, 1437548 bytes).
PDF statistics:
 733 PDF objects out of 1000 (max. 8388607)
 138 compressed objects within 2 object streams
 0 named destinations out of 1000 (max. 500000)
 101 words of extra memory for PDF output out of 10000 (max. 10000000)

